<?xml version="1.0" encoding="UTF-8"?>
<!-- Generated by org.testng.reporters.JUnitReportReporter -->
<testsuite skipped="0" hostname="DESKTOP-QBTC6BO" name="com.careerhack.runners.TestRunner" tests="1" failures="0" timestamp="30 Nov 2020 22:19:47 GMT" time="8.371" errors="0">
  <testcase name="feature" time="8.371" classname="com.careerhack.runners.TestRunner"/>
</testsuite> <!-- com.careerhack.runners.TestRunner -->
